nohup: ignoring input
WARNING:DBManager:DATABASE_URL not found or is placeholder. Using local SQLite database (rainyday.db).
INFO:DBManager:Database tables initialized (sqlite).
WARNING:discord.client:PyNaCl is not installed, voice will NOT be supported
[2026-01-05 12:09:16] [INFO    ] discord.client: logging in using static token
INFO:discord.client:logging in using static token
[2026-01-05 12:09:18] [INFO    ] discord.gateway: Shard ID None has connected to Gateway (Session ID: d6ed2be83cf3c99fa9bc5b86239cb93f).
INFO:discord.gateway:Shard ID None has connected to Gateway (Session ID: d6ed2be83cf3c99fa9bc5b86239cb93f).
Logged in as Rainyday-Demo#7669
Loaded extension: cogs.blacklist
Loaded extension: cogs.calculator
Loaded extension: cogs.health
Loaded extension: cogs.referral
Loaded extension: cogs.gamification
[Startup] Persistent views registered.
INFO:HealthMonitor:HEARTBEAT: Bot active for 0s. Latency: 376.49ms
[Startup Recovery] Checking for pending payment deals...
[Startup Recovery] Found 25 total deals in database
[Startup Recovery] Resuming payment monitoring for deal 1457656818645078...
[Startup Recovery] Resuming payment monitoring for deal vvsik05zeahoh36c...
[Startup Recovery] Resumed monitoring for 2 deals
[CheckPayment] Deal vvsik05zeahoh36c already processed/paid. Stopping monitoring.
[CheckPayment] Deal vvsik05zeahoh36c already processed/paid. Stopping monitoring.
INFO:HealthMonitor:HEARTBEAT: Bot active for 60s. Latency: 401.37ms
[2026-01-05 12:10:33] [ERROR   ] discord.ui.view: Ignoring exception in view <WithdrawalView timeout=None children=1> for item <Button style=<ButtonStyle.success: 3> url=None disabled=False label='Enter Address to Withdraw' emoji=None row=None>
Traceback (most recent call last):
  File "/home/k/rainyday-bot/venv/lib/python3.14/site-packages/discord/ui/view.py", line 427, in _scheduled_task
    await item.callback(interaction)
  File "/home/k/rainyday-bot/main.py", line 7879, in withdraw_btn
    await interaction.response.send_modal(WithdrawalModal(deal_id, deal, currency_display, currency))
  File "/home/k/rainyday-bot/venv/lib/python3.14/site-packages/discord/interactions.py", line 972, in send_modal
    await adapter.create_interaction_response(
    ...<6 lines>...
    )
  File "/home/k/rainyday-bot/venv/lib/python3.14/site-packages/discord/webhook/async_.py", line 221, in request
    raise HTTPException(response, data)
discord.errors.HTTPException: 400 Bad Request (error code: 40060): Interaction has already been acknowledged.
ERROR:discord.ui.view:Ignoring exception in view <WithdrawalView timeout=None children=1> for item <Button style=<ButtonStyle.success: 3> url=None disabled=False label='Enter Address to Withdraw' emoji=None row=None>
Traceback (most recent call last):
  File "/home/k/rainyday-bot/venv/lib/python3.14/site-packages/discord/ui/view.py", line 427, in _scheduled_task
    await item.callback(interaction)
  File "/home/k/rainyday-bot/main.py", line 7879, in withdraw_btn
    await interaction.response.send_modal(WithdrawalModal(deal_id, deal, currency_display, currency))
  File "/home/k/rainyday-bot/venv/lib/python3.14/site-packages/discord/interactions.py", line 972, in send_modal
    await adapter.create_interaction_response(
    ...<6 lines>...
    )
  File "/home/k/rainyday-bot/venv/lib/python3.14/site-packages/discord/webhook/async_.py", line 221, in request
    raise HTTPException(response, data)
discord.errors.HTTPException: 400 Bad Request (error code: 40060): Interaction has already been acknowledged.
[DEBUG] No deal found for channel_id: 1457414858524983614
[DEBUG] Looking for Category 1 ID: 1456657580674912256
[DEBUG] Looking for Category 2 ID: 0
[DEBUG] Found Category 1: Text Channels (9 channels)
[DEBUG] No deal found for channel_id: 1457662663936180368
INFO:HealthMonitor:HEARTBEAT: Bot active for 120s. Latency: 399.90ms
INFO:HealthMonitor:HEARTBEAT: Bot active for 180s. Latency: 414.39ms
INFO:HealthMonitor:HEARTBEAT: Bot active for 240s. Latency: 409.90ms
[2026-01-05 12:13:30] [ERROR   ] discord.client: Ignoring exception in on_message
Traceback (most recent call last):
  File "/home/k/rainyday-bot/venv/lib/python3.14/site-packages/discord/client.py", line 441, in _run_event
    await coro(*args, **kwargs)
  File "/home/k/rainyday-bot/main.py", line 11233, in on_message
    did, dinfo = get_deal_by_channel(message.channel.id)
                 ~~~~~~~~~~~~~~~~~~~^^^^^^^^^^^^^^^^^^^^
  File "/home/k/rainyday-bot/main.py", line 119, in get_deal_by_channel
    data = load_all_data()
  File "/home/k/rainyday-bot/main.py", line 78, in load_all_data
    return json.load(f)
           ~~~~~~~~~^^^
  File "/home/k/.local/share/mise/installs/python/3.14.0/lib/python3.14/json/__init__.py", line 293, in load
    return loads(fp.read(),
        cls=cls, object_hook=object_hook,
        parse_float=parse_float, parse_int=parse_int,
        parse_constant=parse_constant, object_pairs_hook=object_pairs_hook, **kw)
  File "/home/k/.local/share/mise/installs/python/3.14.0/lib/python3.14/json/__init__.py", line 346, in loads
    return _default_decoder.decode(s)
           ~~~~~~~~~~~~~~~~~~~~~~~^^^
  File "/home/k/.local/share/mise/installs/python/3.14.0/lib/python3.14/json/decoder.py", line 348, in decode
    raise JSONDecodeError("Extra data", s, end)
json.decoder.JSONDecodeError: Extra data: line 782 column 2 (char 31775)
ERROR:discord.client:Ignoring exception in on_message
Traceback (most recent call last):
  File "/home/k/rainyday-bot/venv/lib/python3.14/site-packages/discord/client.py", line 441, in _run_event
    await coro(*args, **kwargs)
  File "/home/k/rainyday-bot/main.py", line 11233, in on_message
    did, dinfo = get_deal_by_channel(message.channel.id)
                 ~~~~~~~~~~~~~~~~~~~^^^^^^^^^^^^^^^^^^^^
  File "/home/k/rainyday-bot/main.py", line 119, in get_deal_by_channel
    data = load_all_data()
  File "/home/k/rainyday-bot/main.py", line 78, in load_all_data
    return json.load(f)
           ~~~~~~~~~^^^
  File "/home/k/.local/share/mise/installs/python/3.14.0/lib/python3.14/json/__init__.py", line 293, in load
    return loads(fp.read(),
        cls=cls, object_hook=object_hook,
        parse_float=parse_float, parse_int=parse_int,
        parse_constant=parse_constant, object_pairs_hook=object_pairs_hook, **kw)
  File "/home/k/.local/share/mise/installs/python/3.14.0/lib/python3.14/json/__init__.py", line 346, in loads
    return _default_decoder.decode(s)
           ~~~~~~~~~~~~~~~~~~~~~~~^^^
  File "/home/k/.local/share/mise/installs/python/3.14.0/lib/python3.14/json/decoder.py", line 348, in decode
    raise JSONDecodeError("Extra data", s, end)
json.decoder.JSONDecodeError: Extra data: line 782 column 2 (char 31775)
INFO:HealthMonitor:HEARTBEAT: Bot active for 300s. Latency: 395.66ms
Unified Idle Check Error: Extra data: line 782 column 2 (char 31775)
INFO:HealthMonitor:HEARTBEAT: Bot active for 360s. Latency: 402.00ms
Unified Idle Check Error: Extra data: line 782 column 2 (char 31775)
INFO:HealthMonitor:HEARTBEAT: Bot active for 420s. Latency: 394.43ms
Unified Idle Check Error: Extra data: line 782 column 2 (char 31775)
INFO:HealthMonitor:HEARTBEAT: Bot active for 480s. Latency: 380.82ms
INFO:HealthMonitor:HEARTBEAT: Bot active for 540s. Latency: 383.32ms
INFO:HealthMonitor:HEARTBEAT: Bot active for 600s. Latency: 439.87ms
INFO:HealthMonitor:HEARTBEAT: Bot active for 660s. Latency: 393.52ms
INFO:HealthMonitor:HEARTBEAT: Bot active for 720s. Latency: 371.95ms
INFO:HealthMonitor:HEARTBEAT: Bot active for 780s. Latency: 388.92ms
INFO:HealthMonitor:HEARTBEAT: Bot active for 840s. Latency: 380.32ms
INFO:HealthMonitor:HEARTBEAT: Bot active for 900s. Latency: 430.60ms
INFO:HealthMonitor:HEARTBEAT: Bot active for 960s. Latency: 371.88ms
INFO:HealthMonitor:HEARTBEAT: Bot active for 1020s. Latency: 377.74ms
INFO:HealthMonitor:HEARTBEAT: Bot active for 1080s. Latency: 374.26ms
INFO:HealthMonitor:HEARTBEAT: Bot active for 1140s. Latency: 379.57ms
INFO:HealthMonitor:HEARTBEAT: Bot active for 1200s. Latency: 413.49ms
INFO:HealthMonitor:HEARTBEAT: Bot active for 1260s. Latency: 475.88ms
INFO:HealthMonitor:HEARTBEAT: Bot active for 1320s. Latency: 384.17ms
INFO:HealthMonitor:HEARTBEAT: Bot active for 1380s. Latency: 377.14ms
INFO:HealthMonitor:HEARTBEAT: Bot active for 1440s. Latency: 373.92ms
INFO:HealthMonitor:HEARTBEAT: Bot active for 1500s. Latency: 473.77ms
INFO:HealthMonitor:HEARTBEAT: Bot active for 1560s. Latency: 386.77ms
INFO:HealthMonitor:HEARTBEAT: Bot active for 1620s. Latency: 420.22ms
INFO:HealthMonitor:HEARTBEAT: Bot active for 1680s. Latency: 436.98ms
INFO:HealthMonitor:HEARTBEAT: Bot active for 1740s. Latency: 379.04ms
INFO:HealthMonitor:HEARTBEAT: Bot active for 1800s. Latency: 372.82ms
INFO:HealthMonitor:HEARTBEAT: Bot active for 1860s. Latency: 381.40ms
INFO:HealthMonitor:HEARTBEAT: Bot active for 1920s. Latency: 432.89ms
INFO:HealthMonitor:HEARTBEAT: Bot active for 1980s. Latency: 466.62ms
[DEBUG] No deal found for channel_id: 1457414858524983614
INFO:HealthMonitor:HEARTBEAT: Bot active for 2040s. Latency: 616.86ms
[DEBUG] No deal found for channel_id: 1457414858524983614
[DEBUG] No deal found for channel_id: 1457414858524983614
[DEBUG] Looking for Category 1 ID: 1456657580674912256
[DEBUG] Looking for Category 2 ID: 0
[DEBUG] Found Category 1: Text Channels (10 channels)
[DEBUG] No deal found for channel_id: 1457670917978198096
INFO:HealthMonitor:HEARTBEAT: Bot active for 2100s. Latency: 372.36ms
[2026-01-05 12:44:24] [ERROR   ] discord.client: Ignoring exception in on_message
Traceback (most recent call last):
  File "/home/k/rainyday-bot/venv/lib/python3.14/site-packages/discord/client.py", line 441, in _run_event
    await coro(*args, **kwargs)
  File "/home/k/rainyday-bot/main.py", line 11236, in on_message
  File "/home/k/rainyday-bot/main.py", line 165, in update_deal
  File "/home/k/rainyday-bot/main.py", line 84, in save_all_data
    # Try to fix "Extra data" (common }} error)
PermissionError: [Errno 13] Permission denied: 'data.json'
ERROR:discord.client:Ignoring exception in on_message
Traceback (most recent call last):
  File "/home/k/rainyday-bot/venv/lib/python3.14/site-packages/discord/client.py", line 441, in _run_event
    await coro(*args, **kwargs)
  File "/home/k/rainyday-bot/main.py", line 11236, in on_message
  File "/home/k/rainyday-bot/main.py", line 165, in update_deal
  File "/home/k/rainyday-bot/main.py", line 84, in save_all_data
    # Try to fix "Extra data" (common }} error)
PermissionError: [Errno 13] Permission denied: 'data.json'
[2026-01-05 12:44:30] [ERROR   ] discord.ui.view: Ignoring exception in view <AmountConButton timeout=None children=2> for item <Button style=<ButtonStyle.success: 3> url=None disabled=False label='Confirm' emoji=None row=None>
Traceback (most recent call last):
  File "/home/k/rainyday-bot/venv/lib/python3.14/site-packages/discord/ui/view.py", line 427, in _scheduled_task
    await item.callback(interaction)
  File "/home/k/rainyday-bot/main.py", line 6668, in confirm
    if amount < 0.1:
    ^^^
  File "/home/k/rainyday-bot/main.py", line 84, in save_all_data
    # Try to fix "Extra data" (common }} error)
PermissionError: [Errno 13] Permission denied: 'data.json'
ERROR:discord.ui.view:Ignoring exception in view <AmountConButton timeout=None children=2> for item <Button style=<ButtonStyle.success: 3> url=None disabled=False label='Confirm' emoji=None row=None>
Traceback (most recent call last):
  File "/home/k/rainyday-bot/venv/lib/python3.14/site-packages/discord/ui/view.py", line 427, in _scheduled_task
    await item.callback(interaction)
  File "/home/k/rainyday-bot/main.py", line 6668, in confirm
    if amount < 0.1:
    ^^^
  File "/home/k/rainyday-bot/main.py", line 84, in save_all_data
    # Try to fix "Extra data" (common }} error)
PermissionError: [Errno 13] Permission denied: 'data.json'
[2026-01-05 12:44:33] [ERROR   ] discord.ui.view: Ignoring exception in view <AmountConButton timeout=None children=2> for item <Button style=<ButtonStyle.success: 3> url=None disabled=False label='Confirm' emoji=None row=None>
Traceback (most recent call last):
  File "/home/k/rainyday-bot/venv/lib/python3.14/site-packages/discord/ui/view.py", line 427, in _scheduled_task
    await item.callback(interaction)
  File "/home/k/rainyday-bot/main.py", line 6668, in confirm
    if amount < 0.1:
    ^^^
  File "/home/k/rainyday-bot/main.py", line 84, in save_all_data
    # Try to fix "Extra data" (common }} error)
PermissionError: [Errno 13] Permission denied: 'data.json'
ERROR:discord.ui.view:Ignoring exception in view <AmountConButton timeout=None children=2> for item <Button style=<ButtonStyle.success: 3> url=None disabled=False label='Confirm' emoji=None row=None>
Traceback (most recent call last):
  File "/home/k/rainyday-bot/venv/lib/python3.14/site-packages/discord/ui/view.py", line 427, in _scheduled_task
    await item.callback(interaction)
  File "/home/k/rainyday-bot/main.py", line 6668, in confirm
    if amount < 0.1:
    ^^^
  File "/home/k/rainyday-bot/main.py", line 84, in save_all_data
    # Try to fix "Extra data" (common }} error)
PermissionError: [Errno 13] Permission denied: 'data.json'
[2026-01-05 12:44:40] [ERROR   ] discord.client: Ignoring exception in on_message
Traceback (most recent call last):
  File "/home/k/rainyday-bot/venv/lib/python3.14/site-packages/discord/client.py", line 441, in _run_event
    await coro(*args, **kwargs)
  File "/home/k/rainyday-bot/main.py", line 11236, in on_message
  File "/home/k/rainyday-bot/main.py", line 165, in update_deal
  File "/home/k/rainyday-bot/main.py", line 84, in save_all_data
    # Try to fix "Extra data" (common }} error)
PermissionError: [Errno 13] Permission denied: 'data.json'
ERROR:discord.client:Ignoring exception in on_message
Traceback (most recent call last):
  File "/home/k/rainyday-bot/venv/lib/python3.14/site-packages/discord/client.py", line 441, in _run_event
    await coro(*args, **kwargs)
  File "/home/k/rainyday-bot/main.py", line 11236, in on_message
  File "/home/k/rainyday-bot/main.py", line 165, in update_deal
  File "/home/k/rainyday-bot/main.py", line 84, in save_all_data
    # Try to fix "Extra data" (common }} error)
PermissionError: [Errno 13] Permission denied: 'data.json'
[2026-01-05 12:44:42] [ERROR   ] discord.client: Ignoring exception in on_message
Traceback (most recent call last):
  File "/home/k/rainyday-bot/venv/lib/python3.14/site-packages/discord/client.py", line 441, in _run_event
    await coro(*args, **kwargs)
  File "/home/k/rainyday-bot/main.py", line 11236, in on_message
  File "/home/k/rainyday-bot/main.py", line 165, in update_deal
  File "/home/k/rainyday-bot/main.py", line 84, in save_all_data
    # Try to fix "Extra data" (common }} error)
PermissionError: [Errno 13] Permission denied: 'data.json'
ERROR:discord.client:Ignoring exception in on_message
Traceback (most recent call last):
  File "/home/k/rainyday-bot/venv/lib/python3.14/site-packages/discord/client.py", line 441, in _run_event
    await coro(*args, **kwargs)
  File "/home/k/rainyday-bot/main.py", line 11236, in on_message
  File "/home/k/rainyday-bot/main.py", line 165, in update_deal
  File "/home/k/rainyday-bot/main.py", line 84, in save_all_data
    # Try to fix "Extra data" (common }} error)
PermissionError: [Errno 13] Permission denied: 'data.json'
[2026-01-05 12:44:45] [ERROR   ] discord.client: Ignoring exception in on_message
Traceback (most recent call last):
  File "/home/k/rainyday-bot/venv/lib/python3.14/site-packages/discord/client.py", line 441, in _run_event
    await coro(*args, **kwargs)
  File "/home/k/rainyday-bot/main.py", line 11236, in on_message
  File "/home/k/rainyday-bot/main.py", line 165, in update_deal
  File "/home/k/rainyday-bot/main.py", line 84, in save_all_data
    # Try to fix "Extra data" (common }} error)
PermissionError: [Errno 13] Permission denied: 'data.json'
ERROR:discord.client:Ignoring exception in on_message
Traceback (most recent call last):
  File "/home/k/rainyday-bot/venv/lib/python3.14/site-packages/discord/client.py", line 441, in _run_event
    await coro(*args, **kwargs)
  File "/home/k/rainyday-bot/main.py", line 11236, in on_message
  File "/home/k/rainyday-bot/main.py", line 165, in update_deal
  File "/home/k/rainyday-bot/main.py", line 84, in save_all_data
    # Try to fix "Extra data" (common }} error)
PermissionError: [Errno 13] Permission denied: 'data.json'
[2026-01-05 12:44:48] [ERROR   ] discord.client: Ignoring exception in on_message
Traceback (most recent call last):
  File "/home/k/rainyday-bot/venv/lib/python3.14/site-packages/discord/client.py", line 441, in _run_event
    await coro(*args, **kwargs)
  File "/home/k/rainyday-bot/main.py", line 11236, in on_message
  File "/home/k/rainyday-bot/main.py", line 165, in update_deal
  File "/home/k/rainyday-bot/main.py", line 84, in save_all_data
    # Try to fix "Extra data" (common }} error)
PermissionError: [Errno 13] Permission denied: 'data.json'
ERROR:discord.client:Ignoring exception in on_message
Traceback (most recent call last):
  File "/home/k/rainyday-bot/venv/lib/python3.14/site-packages/discord/client.py", line 441, in _run_event
    await coro(*args, **kwargs)
  File "/home/k/rainyday-bot/main.py", line 11236, in on_message
  File "/home/k/rainyday-bot/main.py", line 165, in update_deal
  File "/home/k/rainyday-bot/main.py", line 84, in save_all_data
    # Try to fix "Extra data" (common }} error)
PermissionError: [Errno 13] Permission denied: 'data.json'
[DEBUG] Looking for Category 1 ID: 1456657580674912256
[DEBUG] Looking for Category 2 ID: 0
[DEBUG] Found Category 1: Text Channels (11 channels)
[DEBUG] No deal found for channel_id: 1457671207993479198
Error creating channel: [Errno 13] Permission denied: 'data.json'
[DEBUG] No deal found for channel_id: 1457419416533729391
[DEBUG] No deal found for channel_id: 1457419416533729391
[DEBUG] No deal found for channel_id: 1457419416533729391
[DEBUG] No deal found for channel_id: 1457419416533729391
INFO:HealthMonitor:HEARTBEAT: Bot active for 2160s. Latency: 396.34ms
[DEBUG] No deal found for channel_id: 1457419416533729391
[DEBUG] No deal found for channel_id: 1457419416533729391
[DEBUG] No deal found for channel_id: 1457419416533729391
[DEBUG] Looking for Category 1 ID: 1456657580674912256
[DEBUG] Looking for Category 2 ID: 0
[DEBUG] Found Category 1: Text Channels (12 channels)
[DEBUG] No deal found for channel_id: 1457671474276995166
INFO:HealthMonitor:HEARTBEAT: Bot active for 2220s. Latency: 374.81ms
[2026-01-05 12:46:21] [ERROR   ] discord.client: Ignoring exception in on_message
Traceback (most recent call last):
  File "/home/k/rainyday-bot/venv/lib/python3.14/site-packages/discord/client.py", line 441, in _run_event
    await coro(*args, **kwargs)
  File "/home/k/rainyday-bot/main.py", line 11236, in on_message
  File "/home/k/rainyday-bot/main.py", line 165, in update_deal
  File "/home/k/rainyday-bot/main.py", line 84, in save_all_data
    # Try to fix "Extra data" (common }} error)
PermissionError: [Errno 13] Permission denied: 'data.json'
ERROR:discord.client:Ignoring exception in on_message
Traceback (most recent call last):
  File "/home/k/rainyday-bot/venv/lib/python3.14/site-packages/discord/client.py", line 441, in _run_event
    await coro(*args, **kwargs)
  File "/home/k/rainyday-bot/main.py", line 11236, in on_message
  File "/home/k/rainyday-bot/main.py", line 165, in update_deal
  File "/home/k/rainyday-bot/main.py", line 84, in save_all_data
    # Try to fix "Extra data" (common }} error)
PermissionError: [Errno 13] Permission denied: 'data.json'
[DEBUG] No deal found for channel_id: 1457419416533729391
[2026-01-05 12:46:34] [ERROR   ] discord.client: Ignoring exception in on_message
Traceback (most recent call last):
  File "/home/k/rainyday-bot/venv/lib/python3.14/site-packages/discord/client.py", line 441, in _run_event
    await coro(*args, **kwargs)
  File "/home/k/rainyday-bot/main.py", line 11236, in on_message
  File "/home/k/rainyday-bot/main.py", line 165, in update_deal
  File "/home/k/rainyday-bot/main.py", line 84, in save_all_data
    # Try to fix "Extra data" (common }} error)
PermissionError: [Errno 13] Permission denied: 'data.json'
ERROR:discord.client:Ignoring exception in on_message
Traceback (most recent call last):
  File "/home/k/rainyday-bot/venv/lib/python3.14/site-packages/discord/client.py", line 441, in _run_event
    await coro(*args, **kwargs)
  File "/home/k/rainyday-bot/main.py", line 11236, in on_message
  File "/home/k/rainyday-bot/main.py", line 165, in update_deal
  File "/home/k/rainyday-bot/main.py", line 84, in save_all_data
    # Try to fix "Extra data" (common }} error)
PermissionError: [Errno 13] Permission denied: 'data.json'
[2026-01-05 12:46:38] [ERROR   ] discord.client: Ignoring exception in on_message
Traceback (most recent call last):
  File "/home/k/rainyday-bot/venv/lib/python3.14/site-packages/discord/client.py", line 441, in _run_event
    await coro(*args, **kwargs)
  File "/home/k/rainyday-bot/main.py", line 11236, in on_message
  File "/home/k/rainyday-bot/main.py", line 165, in update_deal
  File "/home/k/rainyday-bot/main.py", line 84, in save_all_data
    # Try to fix "Extra data" (common }} error)
PermissionError: [Errno 13] Permission denied: 'data.json'
ERROR:discord.client:Ignoring exception in on_message
Traceback (most recent call last):
  File "/home/k/rainyday-bot/venv/lib/python3.14/site-packages/discord/client.py", line 441, in _run_event
    await coro(*args, **kwargs)
  File "/home/k/rainyday-bot/main.py", line 11236, in on_message
  File "/home/k/rainyday-bot/main.py", line 165, in update_deal
  File "/home/k/rainyday-bot/main.py", line 84, in save_all_data
    # Try to fix "Extra data" (common }} error)
PermissionError: [Errno 13] Permission denied: 'data.json'
[2026-01-05 12:46:46] [ERROR   ] discord.client: Ignoring exception in on_message
Traceback (most recent call last):
  File "/home/k/rainyday-bot/venv/lib/python3.14/site-packages/discord/client.py", line 441, in _run_event
    await coro(*args, **kwargs)
  File "/home/k/rainyday-bot/main.py", line 11236, in on_message
  File "/home/k/rainyday-bot/main.py", line 165, in update_deal
  File "/home/k/rainyday-bot/main.py", line 84, in save_all_data
    # Try to fix "Extra data" (common }} error)
PermissionError: [Errno 13] Permission denied: 'data.json'
ERROR:discord.client:Ignoring exception in on_message
Traceback (most recent call last):
  File "/home/k/rainyday-bot/venv/lib/python3.14/site-packages/discord/client.py", line 441, in _run_event
    await coro(*args, **kwargs)
  File "/home/k/rainyday-bot/main.py", line 11236, in on_message
  File "/home/k/rainyday-bot/main.py", line 165, in update_deal
  File "/home/k/rainyday-bot/main.py", line 84, in save_all_data
    # Try to fix "Extra data" (common }} error)
PermissionError: [Errno 13] Permission denied: 'data.json'
[DEBUG] No deal found for channel_id: 1457419416533729391
[2026-01-05 12:46:52] [ERROR   ] discord.client: Ignoring exception in on_message
Traceback (most recent call last):
  File "/home/k/rainyday-bot/venv/lib/python3.14/site-packages/discord/client.py", line 441, in _run_event
    await coro(*args, **kwargs)
  File "/home/k/rainyday-bot/main.py", line 11236, in on_message
  File "/home/k/rainyday-bot/main.py", line 165, in update_deal
  File "/home/k/rainyday-bot/main.py", line 84, in save_all_data
    # Try to fix "Extra data" (common }} error)
PermissionError: [Errno 13] Permission denied: 'data.json'
ERROR:discord.client:Ignoring exception in on_message
Traceback (most recent call last):
  File "/home/k/rainyday-bot/venv/lib/python3.14/site-packages/discord/client.py", line 441, in _run_event
    await coro(*args, **kwargs)
  File "/home/k/rainyday-bot/main.py", line 11236, in on_message
  File "/home/k/rainyday-bot/main.py", line 165, in update_deal
  File "/home/k/rainyday-bot/main.py", line 84, in save_all_data
    # Try to fix "Extra data" (common }} error)
PermissionError: [Errno 13] Permission denied: 'data.json'
[2026-01-05 12:46:54] [ERROR   ] discord.client: Ignoring exception in on_message
Traceback (most recent call last):
  File "/home/k/rainyday-bot/venv/lib/python3.14/site-packages/discord/client.py", line 441, in _run_event
    await coro(*args, **kwargs)
  File "/home/k/rainyday-bot/main.py", line 11236, in on_message
  File "/home/k/rainyday-bot/main.py", line 165, in update_deal
  File "/home/k/rainyday-bot/main.py", line 84, in save_all_data
    # Try to fix "Extra data" (common }} error)
PermissionError: [Errno 13] Permission denied: 'data.json'
ERROR:discord.client:Ignoring exception in on_message
Traceback (most recent call last):
  File "/home/k/rainyday-bot/venv/lib/python3.14/site-packages/discord/client.py", line 441, in _run_event
    await coro(*args, **kwargs)
  File "/home/k/rainyday-bot/main.py", line 11236, in on_message
  File "/home/k/rainyday-bot/main.py", line 165, in update_deal
  File "/home/k/rainyday-bot/main.py", line 84, in save_all_data
    # Try to fix "Extra data" (common }} error)
PermissionError: [Errno 13] Permission denied: 'data.json'
[2026-01-05 12:46:57] [ERROR   ] discord.client: Ignoring exception in on_message
Traceback (most recent call last):
  File "/home/k/rainyday-bot/venv/lib/python3.14/site-packages/discord/client.py", line 441, in _run_event
    await coro(*args, **kwargs)
  File "/home/k/rainyday-bot/main.py", line 11236, in on_message
  File "/home/k/rainyday-bot/main.py", line 165, in update_deal
  File "/home/k/rainyday-bot/main.py", line 84, in save_all_data
    # Try to fix "Extra data" (common }} error)
PermissionError: [Errno 13] Permission denied: 'data.json'
ERROR:discord.client:Ignoring exception in on_message
Traceback (most recent call last):
  File "/home/k/rainyday-bot/venv/lib/python3.14/site-packages/discord/client.py", line 441, in _run_event
    await coro(*args, **kwargs)
  File "/home/k/rainyday-bot/main.py", line 11236, in on_message
  File "/home/k/rainyday-bot/main.py", line 165, in update_deal
  File "/home/k/rainyday-bot/main.py", line 84, in save_all_data
    # Try to fix "Extra data" (common }} error)
PermissionError: [Errno 13] Permission denied: 'data.json'
[2026-01-05 12:46:58] [ERROR   ] discord.client: Ignoring exception in on_message
Traceback (most recent call last):
  File "/home/k/rainyday-bot/venv/lib/python3.14/site-packages/discord/client.py", line 441, in _run_event
    await coro(*args, **kwargs)
  File "/home/k/rainyday-bot/main.py", line 11236, in on_message
  File "/home/k/rainyday-bot/main.py", line 165, in update_deal
  File "/home/k/rainyday-bot/main.py", line 84, in save_all_data
    # Try to fix "Extra data" (common }} error)
PermissionError: [Errno 13] Permission denied: 'data.json'
ERROR:discord.client:Ignoring exception in on_message
Traceback (most recent call last):
  File "/home/k/rainyday-bot/venv/lib/python3.14/site-packages/discord/client.py", line 441, in _run_event
    await coro(*args, **kwargs)
  File "/home/k/rainyday-bot/main.py", line 11236, in on_message
  File "/home/k/rainyday-bot/main.py", line 165, in update_deal
  File "/home/k/rainyday-bot/main.py", line 84, in save_all_data
    # Try to fix "Extra data" (common }} error)
PermissionError: [Errno 13] Permission denied: 'data.json'
[2026-01-05 12:46:59] [ERROR   ] discord.client: Ignoring exception in on_message
Traceback (most recent call last):
  File "/home/k/rainyday-bot/venv/lib/python3.14/site-packages/discord/client.py", line 441, in _run_event
    await coro(*args, **kwargs)
  File "/home/k/rainyday-bot/main.py", line 11236, in on_message
  File "/home/k/rainyday-bot/main.py", line 165, in update_deal
  File "/home/k/rainyday-bot/main.py", line 84, in save_all_data
    # Try to fix "Extra data" (common }} error)
PermissionError: [Errno 13] Permission denied: 'data.json'
ERROR:discord.client:Ignoring exception in on_message
Traceback (most recent call last):
  File "/home/k/rainyday-bot/venv/lib/python3.14/site-packages/discord/client.py", line 441, in _run_event
    await coro(*args, **kwargs)
  File "/home/k/rainyday-bot/main.py", line 11236, in on_message
  File "/home/k/rainyday-bot/main.py", line 165, in update_deal
  File "/home/k/rainyday-bot/main.py", line 84, in save_all_data
    # Try to fix "Extra data" (common }} error)
PermissionError: [Errno 13] Permission denied: 'data.json'
[2026-01-05 12:47:00] [ERROR   ] discord.client: Ignoring exception in on_message
Traceback (most recent call last):
  File "/home/k/rainyday-bot/venv/lib/python3.14/site-packages/discord/client.py", line 441, in _run_event
    await coro(*args, **kwargs)
  File "/home/k/rainyday-bot/main.py", line 11236, in on_message
  File "/home/k/rainyday-bot/main.py", line 165, in update_deal
  File "/home/k/rainyday-bot/main.py", line 84, in save_all_data
    # Try to fix "Extra data" (common }} error)
PermissionError: [Errno 13] Permission denied: 'data.json'
ERROR:discord.client:Ignoring exception in on_message
Traceback (most recent call last):
  File "/home/k/rainyday-bot/venv/lib/python3.14/site-packages/discord/client.py", line 441, in _run_event
    await coro(*args, **kwargs)
  File "/home/k/rainyday-bot/main.py", line 11236, in on_message
  File "/home/k/rainyday-bot/main.py", line 165, in update_deal
  File "/home/k/rainyday-bot/main.py", line 84, in save_all_data
    # Try to fix "Extra data" (common }} error)
PermissionError: [Errno 13] Permission denied: 'data.json'
[2026-01-05 12:47:05] [ERROR   ] discord.client: Ignoring exception in on_message
Traceback (most recent call last):
  File "/home/k/rainyday-bot/venv/lib/python3.14/site-packages/discord/client.py", line 441, in _run_event
    await coro(*args, **kwargs)
  File "/home/k/rainyday-bot/main.py", line 11236, in on_message
  File "/home/k/rainyday-bot/main.py", line 165, in update_deal
  File "/home/k/rainyday-bot/main.py", line 84, in save_all_data
    # Try to fix "Extra data" (common }} error)
PermissionError: [Errno 13] Permission denied: 'data.json'
ERROR:discord.client:Ignoring exception in on_message
Traceback (most recent call last):
  File "/home/k/rainyday-bot/venv/lib/python3.14/site-packages/discord/client.py", line 441, in _run_event
    await coro(*args, **kwargs)
  File "/home/k/rainyday-bot/main.py", line 11236, in on_message
  File "/home/k/rainyday-bot/main.py", line 165, in update_deal
  File "/home/k/rainyday-bot/main.py", line 84, in save_all_data
    # Try to fix "Extra data" (common }} error)
PermissionError: [Errno 13] Permission denied: 'data.json'
[2026-01-05 12:47:05] [ERROR   ] discord.client: Ignoring exception in on_message
Traceback (most recent call last):
  File "/home/k/rainyday-bot/venv/lib/python3.14/site-packages/discord/client.py", line 441, in _run_event
    await coro(*args, **kwargs)
  File "/home/k/rainyday-bot/main.py", line 11236, in on_message
  File "/home/k/rainyday-bot/main.py", line 165, in update_deal
  File "/home/k/rainyday-bot/main.py", line 84, in save_all_data
    # Try to fix "Extra data" (common }} error)
PermissionError: [Errno 13] Permission denied: 'data.json'
ERROR:discord.client:Ignoring exception in on_message
Traceback (most recent call last):
  File "/home/k/rainyday-bot/venv/lib/python3.14/site-packages/discord/client.py", line 441, in _run_event
    await coro(*args, **kwargs)
  File "/home/k/rainyday-bot/main.py", line 11236, in on_message
  File "/home/k/rainyday-bot/main.py", line 165, in update_deal
  File "/home/k/rainyday-bot/main.py", line 84, in save_all_data
    # Try to fix "Extra data" (common }} error)
PermissionError: [Errno 13] Permission denied: 'data.json'
[2026-01-05 12:47:07] [ERROR   ] discord.client: Ignoring exception in on_message
Traceback (most recent call last):
  File "/home/k/rainyday-bot/venv/lib/python3.14/site-packages/discord/client.py", line 441, in _run_event
    await coro(*args, **kwargs)
  File "/home/k/rainyday-bot/main.py", line 11236, in on_message
  File "/home/k/rainyday-bot/main.py", line 165, in update_deal
  File "/home/k/rainyday-bot/main.py", line 84, in save_all_data
    # Try to fix "Extra data" (common }} error)
PermissionError: [Errno 13] Permission denied: 'data.json'
ERROR:discord.client:Ignoring exception in on_message
Traceback (most recent call last):
  File "/home/k/rainyday-bot/venv/lib/python3.14/site-packages/discord/client.py", line 441, in _run_event
    await coro(*args, **kwargs)
  File "/home/k/rainyday-bot/main.py", line 11236, in on_message
  File "/home/k/rainyday-bot/main.py", line 165, in update_deal
  File "/home/k/rainyday-bot/main.py", line 84, in save_all_data
    # Try to fix "Extra data" (common }} error)
PermissionError: [Errno 13] Permission denied: 'data.json'
[2026-01-05 12:47:11] [ERROR   ] discord.client: Ignoring exception in on_message
Traceback (most recent call last):
  File "/home/k/rainyday-bot/venv/lib/python3.14/site-packages/discord/client.py", line 441, in _run_event
    await coro(*args, **kwargs)
  File "/home/k/rainyday-bot/main.py", line 11236, in on_message
  File "/home/k/rainyday-bot/main.py", line 165, in update_deal
  File "/home/k/rainyday-bot/main.py", line 84, in save_all_data
    # Try to fix "Extra data" (common }} error)
PermissionError: [Errno 13] Permission denied: 'data.json'
ERROR:discord.client:Ignoring exception in on_message
Traceback (most recent call last):
  File "/home/k/rainyday-bot/venv/lib/python3.14/site-packages/discord/client.py", line 441, in _run_event
    await coro(*args, **kwargs)
  File "/home/k/rainyday-bot/main.py", line 11236, in on_message
  File "/home/k/rainyday-bot/main.py", line 165, in update_deal
  File "/home/k/rainyday-bot/main.py", line 84, in save_all_data
    # Try to fix "Extra data" (common }} error)
PermissionError: [Errno 13] Permission denied: 'data.json'
[2026-01-05 12:47:13] [ERROR   ] discord.client: Ignoring exception in on_message
Traceback (most recent call last):
  File "/home/k/rainyday-bot/venv/lib/python3.14/site-packages/discord/client.py", line 441, in _run_event
    await coro(*args, **kwargs)
  File "/home/k/rainyday-bot/main.py", line 11236, in on_message
  File "/home/k/rainyday-bot/main.py", line 165, in update_deal
  File "/home/k/rainyday-bot/main.py", line 84, in save_all_data
    # Try to fix "Extra data" (common }} error)
PermissionError: [Errno 13] Permission denied: 'data.json'
ERROR:discord.client:Ignoring exception in on_message
Traceback (most recent call last):
  File "/home/k/rainyday-bot/venv/lib/python3.14/site-packages/discord/client.py", line 441, in _run_event
    await coro(*args, **kwargs)
  File "/home/k/rainyday-bot/main.py", line 11236, in on_message
  File "/home/k/rainyday-bot/main.py", line 165, in update_deal
  File "/home/k/rainyday-bot/main.py", line 84, in save_all_data
    # Try to fix "Extra data" (common }} error)
PermissionError: [Errno 13] Permission denied: 'data.json'
[2026-01-05 12:47:14] [ERROR   ] discord.client: Ignoring exception in on_message
Traceback (most recent call last):
  File "/home/k/rainyday-bot/venv/lib/python3.14/site-packages/discord/client.py", line 441, in _run_event
    await coro(*args, **kwargs)
  File "/home/k/rainyday-bot/main.py", line 11236, in on_message
  File "/home/k/rainyday-bot/main.py", line 165, in update_deal
  File "/home/k/rainyday-bot/main.py", line 84, in save_all_data
    # Try to fix "Extra data" (common }} error)
PermissionError: [Errno 13] Permission denied: 'data.json'
ERROR:discord.client:Ignoring exception in on_message
Traceback (most recent call last):
  File "/home/k/rainyday-bot/venv/lib/python3.14/site-packages/discord/client.py", line 441, in _run_event
    await coro(*args, **kwargs)
  File "/home/k/rainyday-bot/main.py", line 11236, in on_message
  File "/home/k/rainyday-bot/main.py", line 165, in update_deal
  File "/home/k/rainyday-bot/main.py", line 84, in save_all_data
    # Try to fix "Extra data" (common }} error)
PermissionError: [Errno 13] Permission denied: 'data.json'
INFO:HealthMonitor:HEARTBEAT: Bot active for 2280s. Latency: 478.00ms
[2026-01-05 12:47:21] [ERROR   ] discord.client: Ignoring exception in on_message
Traceback (most recent call last):
  File "/home/k/rainyday-bot/venv/lib/python3.14/site-packages/discord/client.py", line 441, in _run_event
    await coro(*args, **kwargs)
  File "/home/k/rainyday-bot/main.py", line 11236, in on_message
  File "/home/k/rainyday-bot/main.py", line 165, in update_deal
  File "/home/k/rainyday-bot/main.py", line 84, in save_all_data
    # Try to fix "Extra data" (common }} error)
PermissionError: [Errno 13] Permission denied: 'data.json'
ERROR:discord.client:Ignoring exception in on_message
Traceback (most recent call last):
  File "/home/k/rainyday-bot/venv/lib/python3.14/site-packages/discord/client.py", line 441, in _run_event
    await coro(*args, **kwargs)
  File "/home/k/rainyday-bot/main.py", line 11236, in on_message
  File "/home/k/rainyday-bot/main.py", line 165, in update_deal
  File "/home/k/rainyday-bot/main.py", line 84, in save_all_data
    # Try to fix "Extra data" (common }} error)
PermissionError: [Errno 13] Permission denied: 'data.json'
[2026-01-05 12:47:22] [ERROR   ] discord.client: Ignoring exception in on_message
Traceback (most recent call last):
  File "/home/k/rainyday-bot/venv/lib/python3.14/site-packages/discord/client.py", line 441, in _run_event
    await coro(*args, **kwargs)
  File "/home/k/rainyday-bot/main.py", line 11236, in on_message
  File "/home/k/rainyday-bot/main.py", line 165, in update_deal
  File "/home/k/rainyday-bot/main.py", line 84, in save_all_data
    # Try to fix "Extra data" (common }} error)
PermissionError: [Errno 13] Permission denied: 'data.json'
ERROR:discord.client:Ignoring exception in on_message
Traceback (most recent call last):
  File "/home/k/rainyday-bot/venv/lib/python3.14/site-packages/discord/client.py", line 441, in _run_event
    await coro(*args, **kwargs)
  File "/home/k/rainyday-bot/main.py", line 11236, in on_message
  File "/home/k/rainyday-bot/main.py", line 165, in update_deal
  File "/home/k/rainyday-bot/main.py", line 84, in save_all_data
    # Try to fix "Extra data" (common }} error)
PermissionError: [Errno 13] Permission denied: 'data.json'
[DEBUG] No deal found for channel_id: 1457414858524983614
[2026-01-05 12:47:28] [ERROR   ] discord.client: Ignoring exception in on_message
Traceback (most recent call last):
  File "/home/k/rainyday-bot/venv/lib/python3.14/site-packages/discord/client.py", line 441, in _run_event
    await coro(*args, **kwargs)
  File "/home/k/rainyday-bot/main.py", line 11236, in on_message
  File "/home/k/rainyday-bot/main.py", line 165, in update_deal
  File "/home/k/rainyday-bot/main.py", line 84, in save_all_data
    # Try to fix "Extra data" (common }} error)
PermissionError: [Errno 13] Permission denied: 'data.json'
ERROR:discord.client:Ignoring exception in on_message
Traceback (most recent call last):
  File "/home/k/rainyday-bot/venv/lib/python3.14/site-packages/discord/client.py", line 441, in _run_event
    await coro(*args, **kwargs)
  File "/home/k/rainyday-bot/main.py", line 11236, in on_message
  File "/home/k/rainyday-bot/main.py", line 165, in update_deal
  File "/home/k/rainyday-bot/main.py", line 84, in save_all_data
    # Try to fix "Extra data" (common }} error)
PermissionError: [Errno 13] Permission denied: 'data.json'
[DEBUG] Looking for Category 1 ID: 1456657580674912256
[DEBUG] Looking for Category 2 ID: 0
[DEBUG] Found Category 1: Text Channels (13 channels)
[DEBUG] No deal found for channel_id: 1457671842222575789
Error creating channel: [Errno 13] Permission denied: 'data.json'
[2026-01-05 12:47:31] [ERROR   ] discord.client: Ignoring exception in on_message
Traceback (most recent call last):
  File "/home/k/rainyday-bot/venv/lib/python3.14/site-packages/discord/client.py", line 441, in _run_event
    await coro(*args, **kwargs)
  File "/home/k/rainyday-bot/main.py", line 11236, in on_message
  File "/home/k/rainyday-bot/main.py", line 165, in update_deal
  File "/home/k/rainyday-bot/main.py", line 84, in save_all_data
    # Try to fix "Extra data" (common }} error)
PermissionError: [Errno 13] Permission denied: 'data.json'
ERROR:discord.client:Ignoring exception in on_message
Traceback (most recent call last):
  File "/home/k/rainyday-bot/venv/lib/python3.14/site-packages/discord/client.py", line 441, in _run_event
    await coro(*args, **kwargs)
  File "/home/k/rainyday-bot/main.py", line 11236, in on_message
  File "/home/k/rainyday-bot/main.py", line 165, in update_deal
  File "/home/k/rainyday-bot/main.py", line 84, in save_all_data
    # Try to fix "Extra data" (common }} error)
PermissionError: [Errno 13] Permission denied: 'data.json'
[DEBUG] Looking for Category 1 ID: 1456657580674912256
[DEBUG] Looking for Category 2 ID: 0
[DEBUG] Found Category 1: Text Channels (14 channels)
[DEBUG] No deal found for channel_id: 1457671899604717688
Error creating channel: [Errno 13] Permission denied: 'data.json'
[DEBUG] No deal found for channel_id: 1457671842222575789
[DEBUG] No deal found for channel_id: 1457671842222575789
[DEBUG] No deal found for channel_id: 1457419416533729391
[DEBUG] No deal found for channel_id: 1457671842222575789
[DEBUG] No deal found for channel_id: 1457419416533729391
[DEBUG] No deal found for channel_id: 1457419416533729391
[DEBUG] No deal found for channel_id: 1457419416533729391
[DEBUG] No deal found for channel_id: 1457419416533729391
[DEBUG] No deal found for channel_id: 1457419416533729391
INFO:HealthMonitor:HEARTBEAT: Bot active for 2340s. Latency: 367.32ms
[DEBUG] Looking for Category 1 ID: 1456657580674912256
[DEBUG] Looking for Category 2 ID: 0
[DEBUG] Found Category 1: Text Channels (15 channels)
[DEBUG] No deal found for channel_id: 1457672070233325755
Error creating channel: [Errno 13] Permission denied: 'data.json'
[2026-01-05 12:48:27] [ERROR   ] discord.client: Ignoring exception in on_message
Traceback (most recent call last):
  File "/home/k/rainyday-bot/venv/lib/python3.14/site-packages/discord/client.py", line 441, in _run_event
    await coro(*args, **kwargs)
  File "/home/k/rainyday-bot/main.py", line 11236, in on_message
  File "/home/k/rainyday-bot/main.py", line 165, in update_deal
  File "/home/k/rainyday-bot/main.py", line 84, in save_all_data
    # Try to fix "Extra data" (common }} error)
PermissionError: [Errno 13] Permission denied: 'data.json'
ERROR:discord.client:Ignoring exception in on_message
Traceback (most recent call last):
  File "/home/k/rainyday-bot/venv/lib/python3.14/site-packages/discord/client.py", line 441, in _run_event
    await coro(*args, **kwargs)
  File "/home/k/rainyday-bot/main.py", line 11236, in on_message
  File "/home/k/rainyday-bot/main.py", line 165, in update_deal
  File "/home/k/rainyday-bot/main.py", line 84, in save_all_data
    # Try to fix "Extra data" (common }} error)
PermissionError: [Errno 13] Permission denied: 'data.json'
[2026-01-05 12:48:28] [ERROR   ] discord.client: Ignoring exception in on_message
Traceback (most recent call last):
  File "/home/k/rainyday-bot/venv/lib/python3.14/site-packages/discord/client.py", line 441, in _run_event
    await coro(*args, **kwargs)
  File "/home/k/rainyday-bot/main.py", line 11236, in on_message
  File "/home/k/rainyday-bot/main.py", line 165, in update_deal
  File "/home/k/rainyday-bot/main.py", line 84, in save_all_data
    # Try to fix "Extra data" (common }} error)
PermissionError: [Errno 13] Permission denied: 'data.json'
ERROR:discord.client:Ignoring exception in on_message
Traceback (most recent call last):
  File "/home/k/rainyday-bot/venv/lib/python3.14/site-packages/discord/client.py", line 441, in _run_event
    await coro(*args, **kwargs)
  File "/home/k/rainyday-bot/main.py", line 11236, in on_message
  File "/home/k/rainyday-bot/main.py", line 165, in update_deal
  File "/home/k/rainyday-bot/main.py", line 84, in save_all_data
    # Try to fix "Extra data" (common }} error)
PermissionError: [Errno 13] Permission denied: 'data.json'
[2026-01-05 12:48:29] [ERROR   ] discord.client: Ignoring exception in on_message
Traceback (most recent call last):
  File "/home/k/rainyday-bot/venv/lib/python3.14/site-packages/discord/client.py", line 441, in _run_event
    await coro(*args, **kwargs)
  File "/home/k/rainyday-bot/main.py", line 11236, in on_message
  File "/home/k/rainyday-bot/main.py", line 165, in update_deal
  File "/home/k/rainyday-bot/main.py", line 84, in save_all_data
    # Try to fix "Extra data" (common }} error)
PermissionError: [Errno 13] Permission denied: 'data.json'
ERROR:discord.client:Ignoring exception in on_message
Traceback (most recent call last):
  File "/home/k/rainyday-bot/venv/lib/python3.14/site-packages/discord/client.py", line 441, in _run_event
    await coro(*args, **kwargs)
  File "/home/k/rainyday-bot/main.py", line 11236, in on_message
  File "/home/k/rainyday-bot/main.py", line 165, in update_deal
  File "/home/k/rainyday-bot/main.py", line 84, in save_all_data
    # Try to fix "Extra data" (common }} error)
PermissionError: [Errno 13] Permission denied: 'data.json'
[2026-01-05 12:48:32] [ERROR   ] discord.client: Ignoring exception in on_message
Traceback (most recent call last):
  File "/home/k/rainyday-bot/venv/lib/python3.14/site-packages/discord/client.py", line 441, in _run_event
    await coro(*args, **kwargs)
  File "/home/k/rainyday-bot/main.py", line 11236, in on_message
  File "/home/k/rainyday-bot/main.py", line 165, in update_deal
  File "/home/k/rainyday-bot/main.py", line 84, in save_all_data
    # Try to fix "Extra data" (common }} error)
PermissionError: [Errno 13] Permission denied: 'data.json'
ERROR:discord.client:Ignoring exception in on_message
Traceback (most recent call last):
  File "/home/k/rainyday-bot/venv/lib/python3.14/site-packages/discord/client.py", line 441, in _run_event
    await coro(*args, **kwargs)
  File "/home/k/rainyday-bot/main.py", line 11236, in on_message
  File "/home/k/rainyday-bot/main.py", line 165, in update_deal
  File "/home/k/rainyday-bot/main.py", line 84, in save_all_data
    # Try to fix "Extra data" (common }} error)
PermissionError: [Errno 13] Permission denied: 'data.json'
[DEBUG] No deal found for channel_id: 1457419416533729391
[DEBUG] No deal found for channel_id: 1457419416533729391
[2026-01-05 12:48:36] [ERROR   ] discord.client: Ignoring exception in on_message
Traceback (most recent call last):
  File "/home/k/rainyday-bot/venv/lib/python3.14/site-packages/discord/client.py", line 441, in _run_event
    await coro(*args, **kwargs)
  File "/home/k/rainyday-bot/main.py", line 11236, in on_message
  File "/home/k/rainyday-bot/main.py", line 165, in update_deal
  File "/home/k/rainyday-bot/main.py", line 84, in save_all_data
    # Try to fix "Extra data" (common }} error)
PermissionError: [Errno 13] Permission denied: 'data.json'
ERROR:discord.client:Ignoring exception in on_message
Traceback (most recent call last):
  File "/home/k/rainyday-bot/venv/lib/python3.14/site-packages/discord/client.py", line 441, in _run_event
    await coro(*args, **kwargs)
  File "/home/k/rainyday-bot/main.py", line 11236, in on_message
  File "/home/k/rainyday-bot/main.py", line 165, in update_deal
  File "/home/k/rainyday-bot/main.py", line 84, in save_all_data
    # Try to fix "Extra data" (common }} error)
PermissionError: [Errno 13] Permission denied: 'data.json'
[DEBUG] No deal found for channel_id: 1457672070233325755
INFO:HealthMonitor:HEARTBEAT: Bot active for 2400s. Latency: 376.19ms
[DEBUG] No deal found for channel_id: 1457414858524983614
[2026-01-05 12:49:40] [ERROR   ] discord.ui.view: Ignoring exception in view <ConfButtons timeout=None children=3> for item <Button style=<ButtonStyle.success: 3> url=None disabled=False label='Confirm' emoji=None row=None>
Traceback (most recent call last):
  File "/home/k/rainyday-bot/venv/lib/python3.14/site-packages/discord/ui/view.py", line 427, in _scheduled_task
    await item.callback(interaction)
  File "/home/k/rainyday-bot/main.py", line 5997, in confirm_callback
  File "/home/k/rainyday-bot/main.py", line 165, in update_deal
  File "/home/k/rainyday-bot/main.py", line 84, in save_all_data
    # Try to fix "Extra data" (common }} error)
PermissionError: [Errno 13] Permission denied: 'data.json'
ERROR:discord.ui.view:Ignoring exception in view <ConfButtons timeout=None children=3> for item <Button style=<ButtonStyle.success: 3> url=None disabled=False label='Confirm' emoji=None row=None>
Traceback (most recent call last):
  File "/home/k/rainyday-bot/venv/lib/python3.14/site-packages/discord/ui/view.py", line 427, in _scheduled_task
    await item.callback(interaction)
  File "/home/k/rainyday-bot/main.py", line 5997, in confirm_callback
  File "/home/k/rainyday-bot/main.py", line 165, in update_deal
  File "/home/k/rainyday-bot/main.py", line 84, in save_all_data
    # Try to fix "Extra data" (common }} error)
PermissionError: [Errno 13] Permission denied: 'data.json'
[DEBUG] Looking for Category 1 ID: 1456657580674912256
[DEBUG] Looking for Category 2 ID: 0
[DEBUG] Found Category 1: Text Channels (16 channels)
[DEBUG] No deal found for channel_id: 1457672409493798985
Error creating channel: [Errno 13] Permission denied: 'data.json'
[2026-01-05 12:49:57] [ERROR   ] discord.ui.view: Ignoring exception in view <ConfButtons timeout=None children=3> for item <Button style=<ButtonStyle.success: 3> url=None disabled=False label='Confirm' emoji=None row=None>
Traceback (most recent call last):
  File "/home/k/rainyday-bot/venv/lib/python3.14/site-packages/discord/ui/view.py", line 427, in _scheduled_task
    await item.callback(interaction)
  File "/home/k/rainyday-bot/main.py", line 5997, in confirm_callback
  File "/home/k/rainyday-bot/main.py", line 165, in update_deal
  File "/home/k/rainyday-bot/main.py", line 84, in save_all_data
    # Try to fix "Extra data" (common }} error)
PermissionError: [Errno 13] Permission denied: 'data.json'
ERROR:discord.ui.view:Ignoring exception in view <ConfButtons timeout=None children=3> for item <Button style=<ButtonStyle.success: 3> url=None disabled=False label='Confirm' emoji=None row=None>
Traceback (most recent call last):
  File "/home/k/rainyday-bot/venv/lib/python3.14/site-packages/discord/ui/view.py", line 427, in _scheduled_task
    await item.callback(interaction)
  File "/home/k/rainyday-bot/main.py", line 5997, in confirm_callback
  File "/home/k/rainyday-bot/main.py", line 165, in update_deal
  File "/home/k/rainyday-bot/main.py", line 84, in save_all_data
    # Try to fix "Extra data" (common }} error)
PermissionError: [Errno 13] Permission denied: 'data.json'
INFO:HealthMonitor:HEARTBEAT: Bot active for 2460s. Latency: 440.46ms
[DEBUG] No deal found for channel_id: 1457671842222575789
[DEBUG] No deal found for channel_id: 1457671842222575789
